<?xml version="1.0" encoding="UTF-8" ?>
<testsuite tests="121" failures="0" name="org.apache.commons.io.FileUtilsTestCase" time="2.29" errors="0" skipped="0">
  <properties>
[...]
</properties>
  <testcase classname="org.apache.commons.io.FileUtilsTestCase" name="test_openOutputStream_notExistsCannotCreate" time="0.014"/>
  <testcase classname="org.apache.commons.io.FileUtilsTestCase" name="testByteCountToDisplaySize" time="0.002"/>
  <testcase classname="org.apache.commons.io.FileUtilsTestCase" name="testToFile1" time="0.005"/>
  <testcase classname="org.apache.commons.io.FileUtilsTestCase" name="testToFile2" time="0.001"/>
  <testcase classname="org.apache.commons.io.FileUtilsTestCase" name="testToFile3" time="0.001"/>
  <testcase classname="org.apache.commons.io.FileUtilsTestCase" name="testToFile4" time="0.001"/>
  <testcase classname="org.apache.commons.io.FileUtilsTestCase" name="testToFile5" time="0.001"/>
  <testcase classname="org.apache.commons.io.FileUtilsTestCase" name="testToFileUtf8" time="0.001"/>
  <testcase classname="org.apache.commons.io.FileUtilsTestCase" name="testDecodeUrl" time="0.001"/>
  <testcase classname="org.apache.commons.io.FileUtilsTestCase" name="testDecodeUrlLenient" time="0.002"/>
  <testcase classname="org.apache.commons.io.FileUtilsTestCase" name="testDecodeUrlNullSafe" time="0"/>
  <testcase classname="org.apache.commons.io.FileUtilsTestCase" name="testDecodeUrlEncodingUtf8" time="0.001"/>
  <testcase classname="org.apache.commons.io.FileUtilsTestCase" name="testToFiles1" time="0.001"/>
  <testcase classname="org.apache.commons.io.FileUtilsTestCase" name="testToFiles2" time="0.001"/>
  <testcase classname="org.apache.commons.io.FileUtilsTestCase" name="testToFiles3" time="0.001"/>
  <testcase classname="org.apache.commons.io.FileUtilsTestCase" name="testToFiles4" time="0.001"/>
  <testcase classname="org.apache.commons.io.FileUtilsTestCase" name="testToURLs1" time="0.002"/>
  <testcase classname="org.apache.commons.io.FileUtilsTestCase" name="testContentEquals" time="0.005"/>
  <testcase classname="org.apache.commons.io.FileUtilsTestCase" name="testContentEqualsIgnoreEOL" time="0.006"/>
  <testcase classname="org.apache.commons.io.FileUtilsTestCase" name="testCopyURLToFile" time="0.002"/>
  <testcase classname="org.apache.commons.io.FileUtilsTestCase" name="testCopyURLToFileWithTimeout" time="0.004"/>
  <testcase classname="org.apache.commons.io.FileUtilsTestCase" name="testForceMkdir" time="0.001"/>
  <testcase classname="org.apache.commons.io.FileUtilsTestCase" name="testSizeOfDirectory" time="0.076"/>
  <testcase classname="org.apache.commons.io.FileUtilsTestCase" name="testSizeOf" time="0.001"/>
  <testcase classname="org.apache.commons.io.FileUtilsTestCase" name="testIsFileNewerOlder" time="2.004"/>
  <testcase classname="org.apache.commons.io.FileUtilsTestCase" name="testCopyFile1" time="0.01"/>
  <testcase classname="org.apache.commons.io.FileUtilsTestCase" name="testCopyFileToOutputStream" time="0.004"/>
  <testcase classname="org.apache.commons.io.FileUtilsTestCase" name="testCopyFile2" time="0.001"/>
  <testcase classname="org.apache.commons.io.FileUtilsTestCase" name="testCopyToSelf" time="0.002"/>
  <testcase classname="org.apache.commons.io.FileUtilsTestCase" name="testCopyFile2WithoutFileDatePreservation" time="0.001"/>
  <testcase classname="org.apache.commons.io.FileUtilsTestCase" name="testCopyDirectoryToDirectory_NonExistingDest" time="0.004"/>
  <testcase classname="org.apache.commons.io.FileUtilsTestCase" name="testGetUserDirectory" time="0.001"/>
  <testcase classname="org.apache.commons.io.FileUtilsTestCase" name="test_openInputStream_exists" time="0.001"/>
  <testcase classname="org.apache.commons.io.FileUtilsTestCase" name="testGetTempDirectoryPath" time="0.005"/>
  <testcase classname="org.apache.commons.io.FileUtilsTestCase" name="testGetTempDirectory" time="0"/>
  <testcase classname="org.apache.commons.io.FileUtilsTestCase" name="testGetUserDirectoryPath" time="0"/>
  <testcase classname="org.apache.commons.io.FileUtilsTestCase" name="testGetFile_Parent" time="0"/>
  <testcase classname="org.apache.commons.io.FileUtilsTestCase" name="testCopyDirectoryToNonExistingDest" time="0.002"/>
  <testcase classname="org.apache.commons.io.FileUtilsTestCase" name="testCopyDirectoryToExistingDest" time="0.002"/>
  <testcase classname="org.apache.commons.io.FileUtilsTestCase" name="testCopyDirectoryFiltered" time="0.005"/>
  <testcase classname="org.apache.commons.io.FileUtilsTestCase" name="testCopyDirectoryPreserveDates" time="0.002"/>
  <testcase classname="org.apache.commons.io.FileUtilsTestCase" name="testCopyDirectoryToChild" time="0.008"/>
  <testcase classname="org.apache.commons.io.FileUtilsTestCase" name="testCopyDirectoryToGrandChild" time="0.004"/>
  <testcase classname="org.apache.commons.io.FileUtilsTestCase" name="testCopyDirectoryToItself" time="0.001"/>
  <testcase classname="org.apache.commons.io.FileUtilsTestCase" name="testCopyDirectoryErrors" time="0.001"/>
  <testcase classname="org.apache.commons.io.FileUtilsTestCase" name="testForceDeleteAFile1" time="0.001"/>
  <testcase classname="org.apache.commons.io.FileUtilsTestCase" name="testForceDeleteAFile2" time="0"/>
  <testcase classname="org.apache.commons.io.FileUtilsTestCase" name="testForceDeleteAFile3" time="0.001"/>
  <testcase classname="org.apache.commons.io.FileUtilsTestCase" name="testCopyFile1ToDir" time="0.001"/>
  <testcase classname="org.apache.commons.io.FileUtilsTestCase" name="testCopyFile2ToDir" time="0"/>
  <testcase classname="org.apache.commons.io.FileUtilsTestCase" name="testForceDeleteDir" time="0.001"/>
  <testcase classname="org.apache.commons.io.FileUtilsTestCase" name="testFileUtils" time="0.002"/>
  <testcase classname="org.apache.commons.io.FileUtilsTestCase" name="testTouch" time="0.013"/>
  <testcase classname="org.apache.commons.io.FileUtilsTestCase" name="testListFiles" time="0.006"/>
  <testcase classname="org.apache.commons.io.FileUtilsTestCase" name="testListFilesWithDirs" time="0.002"/>
  <testcase classname="org.apache.commons.io.FileUtilsTestCase" name="testIterateFiles" time="0.002"/>
  <testcase classname="org.apache.commons.io.FileUtilsTestCase" name="testIterateFilesAndDirs" time="0.007"/>
  <testcase classname="org.apache.commons.io.FileUtilsTestCase" name="testReadFileToStringWithDefaultEncoding" time="0.003"/>
  <testcase classname="org.apache.commons.io.FileUtilsTestCase" name="testReadFileToStringWithEncoding" time="0.003"/>
  <testcase classname="org.apache.commons.io.FileUtilsTestCase" name="testReadFileToByteArray" time="0.003"/>
  <testcase classname="org.apache.commons.io.FileUtilsTestCase" name="testReadLines" time="0.002"/>
  <testcase classname="org.apache.commons.io.FileUtilsTestCase" name="testWriteStringToFile1" time="0.001"/>
  <testcase classname="org.apache.commons.io.FileUtilsTestCase" name="testWriteStringToFile2" time="0"/>
  <testcase classname="org.apache.commons.io.FileUtilsTestCase" name="testWriteCharSequence1" time="0.001"/>
  <testcase classname="org.apache.commons.io.FileUtilsTestCase" name="testWriteCharSequence2" time="0.001"/>
  <testcase classname="org.apache.commons.io.FileUtilsTestCase" name="testWriteByteArrayToFile" time="0.001"/>
  <testcase classname="org.apache.commons.io.FileUtilsTestCase" name="testWriteLines_4arg" time="0.002"/>
  <testcase classname="org.apache.commons.io.FileUtilsTestCase" name="testWriteLines_4arg_Writer_nullData" time="0.002"/>
  <testcase classname="org.apache.commons.io.FileUtilsTestCase" name="testWriteLines_4arg_nullSeparator" time="0.001"/>
  <testcase classname="org.apache.commons.io.FileUtilsTestCase" name="testWriteLines_3arg_nullSeparator" time="0.001"/>
  <testcase classname="org.apache.commons.io.FileUtilsTestCase" name="test_openInputStream_existsButIsDirectory" time="0.001"/>
  <testcase classname="org.apache.commons.io.FileUtilsTestCase" name="test_openInputStream_notExists" time="0.001"/>
  <testcase classname="org.apache.commons.io.FileUtilsTestCase" name="test_openOutputStream_noParentCreateFile" time="0.001"/>
  <testcase classname="org.apache.commons.io.FileUtilsTestCase" name="test_openOutputStream_noParentNoFile" time="0"/>
  <testcase classname="org.apache.commons.io.FileUtilsTestCase" name="test_openOutputStream_exists" time="0.001"/>
  <testcase classname="org.apache.commons.io.FileUtilsTestCase" name="test_openOutputStream_existsButIsDirectory" time="0.001"/>
  <testcase classname="org.apache.commons.io.FileUtilsTestCase" name="test_openOutputStream_notExists" time="0.001"/>
  <testcase classname="org.apache.commons.io.FileUtilsTestCase" name="testWriteLines_5argsWithAppendOptionTrue_ShouldNotDeletePreviousFileLines" time="0.001"/>
  <testcase classname="org.apache.commons.io.FileUtilsTestCase" name="testWriteLines_5argsWithAppendOptionFalse_ShouldDeletePreviousFileLines" time="0.001"/>
  <testcase classname="org.apache.commons.io.FileUtilsTestCase" name="testWriteLines_4argsWithAppendOptionTrue_ShouldNotDeletePreviousFileLines" time="0.001"/>
  <testcase classname="org.apache.commons.io.FileUtilsTestCase" name="testWriteLines_4argsWithAppendOptionFalse_ShouldDeletePreviousFileLines" time="0.001"/>
  <testcase classname="org.apache.commons.io.FileUtilsTestCase" name="testWriteLinesEncoding_WithAppendOptionTrue_ShouldNotDeletePreviousFileLines" time="0"/>
  <testcase classname="org.apache.commons.io.FileUtilsTestCase" name="testWriteLinesEncoding_WithAppendOptionFalse_ShouldDeletePreviousFileLines" time="0.001"/>
  <testcase classname="org.apache.commons.io.FileUtilsTestCase" name="testWriteLines_3argsWithAppendOptionTrue_ShouldNotDeletePreviousFileLines" time="0.001"/>
  <testcase classname="org.apache.commons.io.FileUtilsTestCase" name="testWriteLines_3argsWithAppendOptionFalse_ShouldDeletePreviousFileLines" time="0.001"/>
  <testcase classname="org.apache.commons.io.FileUtilsTestCase" name="testWriteStringToFileWithEncoding_WithAppendOptionTrue_ShouldNotDeletePreviousFileLines" time="0.001"/>
  <testcase classname="org.apache.commons.io.FileUtilsTestCase" name="testWriteStringToFileWithEncoding_WithAppendOptionFalse_ShouldDeletePreviousFileLines" time="0.001"/>
  <testcase classname="org.apache.commons.io.FileUtilsTestCase" name="testWriteStringToFile_WithAppendOptionTrue_ShouldNotDeletePreviousFileLines" time="0.001"/>
  <testcase classname="org.apache.commons.io.FileUtilsTestCase" name="testWriteStringToFile_WithAppendOptionFalse_ShouldDeletePreviousFileLines" time="0.001"/>
  <testcase classname="org.apache.commons.io.FileUtilsTestCase" name="testWriteWithEncoding_WithAppendOptionTrue_ShouldNotDeletePreviousFileLines" time="0.001"/>
  <testcase classname="org.apache.commons.io.FileUtilsTestCase" name="testWriteWithEncoding_WithAppendOptionFalse_ShouldDeletePreviousFileLines" time="0.002"/>
  <testcase classname="org.apache.commons.io.FileUtilsTestCase" name="testWrite_WithAppendOptionTrue_ShouldNotDeletePreviousFileLines" time="0.001"/>
  <testcase classname="org.apache.commons.io.FileUtilsTestCase" name="testWrite_WithAppendOptionFalse_ShouldDeletePreviousFileLines" time="0.001"/>
  <testcase classname="org.apache.commons.io.FileUtilsTestCase" name="testWriteByteArrayToFile_WithAppendOptionTrue_ShouldNotDeletePreviousFileLines" time="0.002"/>
  <testcase classname="org.apache.commons.io.FileUtilsTestCase" name="testWriteByteArrayToFile_WithAppendOptionFalse_ShouldDeletePreviousFileLines" time="0.001"/>
  <testcase classname="org.apache.commons.io.FileUtilsTestCase" name="testChecksumCRC32" time="0.001"/>
  <testcase classname="org.apache.commons.io.FileUtilsTestCase" name="testChecksum" time="0.001"/>
  <testcase classname="org.apache.commons.io.FileUtilsTestCase" name="testChecksumOnNullFile" time="0.001"/>
  <testcase classname="org.apache.commons.io.FileUtilsTestCase" name="testChecksumOnNullChecksum" time="0.001"/>
  <testcase classname="org.apache.commons.io.FileUtilsTestCase" name="testChecksumOnDirectory" time="0"/>
  <testcase classname="org.apache.commons.io.FileUtilsTestCase" name="testChecksumDouble" time="0.002"/>
  <testcase classname="org.apache.commons.io.FileUtilsTestCase" name="testDeleteQuietlyForNull" time="0"/>
  <testcase classname="org.apache.commons.io.FileUtilsTestCase" name="testDeleteQuietlyDir" time="0.001"/>
  <testcase classname="org.apache.commons.io.FileUtilsTestCase" name="testDeleteQuietlyFile" time="0"/>
  <testcase classname="org.apache.commons.io.FileUtilsTestCase" name="testDeleteQuietlyNonExistent" time="0.001"/>
  <testcase classname="org.apache.commons.io.FileUtilsTestCase" name="testMoveFile_Rename" time="0"/>
  <testcase classname="org.apache.commons.io.FileUtilsTestCase" name="testMoveFile_CopyDelete" time="0"/>
  <testcase classname="org.apache.commons.io.FileUtilsTestCase" name="testMoveFile_CopyDelete_Failed" time="0.001"/>
  <testcase classname="org.apache.commons.io.FileUtilsTestCase" name="testMoveFile_Errors" time="0.001"/>
  <testcase classname="org.apache.commons.io.FileUtilsTestCase" name="testMoveFileToDirectory" time="0.001"/>
  <testcase classname="org.apache.commons.io.FileUtilsTestCase" name="testMoveFileToDirectory_Errors" time="0"/>
  <testcase classname="org.apache.commons.io.FileUtilsTestCase" name="testMoveDirectory_Rename" time="0.001"/>
  <testcase classname="org.apache.commons.io.FileUtilsTestCase" name="testMoveDirectory_CopyDelete" time="0.001"/>
  <testcase classname="org.apache.commons.io.FileUtilsTestCase" name="testMoveDirectory_Errors" time="0"/>
  <testcase classname="org.apache.commons.io.FileUtilsTestCase" name="testMoveDirectoryToDirectory" time="0.001"/>
  <testcase classname="org.apache.commons.io.FileUtilsTestCase" name="testMoveDirectoryToDirectory_Errors" time="0.001"/>
  <testcase classname="org.apache.commons.io.FileUtilsTestCase" name="testMoveToDirectory" time="0.001"/>
  <testcase classname="org.apache.commons.io.FileUtilsTestCase" name="testMoveToDirectory_Errors" time="0"/>
  <testcase classname="org.apache.commons.io.FileUtilsTestCase" name="testIO300" time="0.001"/>
  <testcase classname="org.apache.commons.io.FileUtilsTestCase" name="testIO276" time="0.001"/>
  <testcase classname="org.apache.commons.io.FileUtilsTestCase" name="testGetFile" time="0.001"/>
</testsuite>